Connecting to database specified by database.yml
Connecting to database specified by database.yml
Compiled admin/application.js  (86ms)  (pid 13173)
Compiled jquery.js  (2ms)  (pid 13173)
Compiled jquery_ujs.js  (0ms)  (pid 13173)
Compiled admin/marcas.js  (1ms)  (pid 13173)
Compiled admin/resource.js  (0ms)  (pid 13173)
Compiled admin/users.js  (3ms)  (pid 13173)
Compiled admin/usuarios.js  (0ms)  (pid 13173)
Compiled inicio.js  (0ms)  (pid 13173)
Compiled profiles.js  (0ms)  (pid 13173)
Compiled application.js  (234ms)  (pid 13173)
Compiled admin/application.css  (64ms)  (pid 13173)
Compiled application.css  (0ms)  (pid 13173)
Connecting to database specified by database.yml
Compiled admin/application.js  (50ms)  (pid 13173)
Compiled jquery.js  (1ms)  (pid 13173)
Compiled jquery_ujs.js  (0ms)  (pid 13173)
Compiled admin/marcas.js  (1ms)  (pid 13173)
Compiled admin/resource.js  (0ms)  (pid 13173)
Compiled admin/users.js  (2ms)  (pid 13173)
Compiled admin/usuarios.js  (0ms)  (pid 13173)
Compiled inicio.js  (0ms)  (pid 13173)
Compiled profiles.js  (0ms)  (pid 13173)
Compiled application.js  (100ms)  (pid 13173)
Compiled admin/application.css  (8ms)  (pid 13173)
Compiled application.css  (0ms)  (pid 13173)
Compiled admin/application.js  (54ms)  (pid 13655)
Compiled jquery.js  (1ms)  (pid 13655)
Compiled jquery_ujs.js  (0ms)  (pid 13655)
Compiled admin/marcas.js  (1ms)  (pid 13655)
Compiled admin/resource.js  (0ms)  (pid 13655)
Compiled admin/users.js  (3ms)  (pid 13655)
Compiled admin/usuarios.js  (0ms)  (pid 13655)
Compiled inicio.js  (0ms)  (pid 13655)
Compiled profiles.js  (0ms)  (pid 13655)
Compiled application.js  (81ms)  (pid 13655)
Compiled admin/application.css  (51ms)  (pid 13655)
Compiled application.css  (0ms)  (pid 13655)
Compiled admin/application.js  (50ms)  (pid 13655)
Compiled jquery.js  (2ms)  (pid 13655)
Compiled jquery_ujs.js  (0ms)  (pid 13655)
Compiled admin/marcas.js  (1ms)  (pid 13655)
Compiled admin/resource.js  (0ms)  (pid 13655)
Compiled admin/users.js  (2ms)  (pid 13655)
Compiled admin/usuarios.js  (0ms)  (pid 13655)
Compiled inicio.js  (0ms)  (pid 13655)
Compiled profiles.js  (0ms)  (pid 13655)
Compiled application.js  (96ms)  (pid 13655)
Compiled admin/application.css  (8ms)  (pid 13655)
Compiled application.css  (0ms)  (pid 13655)
Connecting to database specified by database.yml
Migrating to CreateMarcas (20130108182918)
Migrating to DeviseCreateUsers (20130111172839)
Migrating to AddRoleToUsers (20130114150713)
Compiled admin/application.js  (50ms)  (pid 13700)
Compiled jquery.js  (1ms)  (pid 13700)
Compiled jquery_ujs.js  (0ms)  (pid 13700)
Compiled admin/marcas.js  (2ms)  (pid 13700)
Compiled admin/resource.js  (1ms)  (pid 13700)
Compiled admin/users.js  (3ms)  (pid 13700)
Compiled admin/usuarios.js  (0ms)  (pid 13700)
Compiled inicio.js  (0ms)  (pid 13700)
Compiled profiles.js  (0ms)  (pid 13700)
Compiled application.js  (85ms)  (pid 13700)
Compiled admin/application.css  (8ms)  (pid 13700)
Compiled application.css  (0ms)  (pid 13700)
Compiled admin/application.js  (50ms)  (pid 13700)
Compiled jquery.js  (2ms)  (pid 13700)
Compiled jquery_ujs.js  (0ms)  (pid 13700)
Compiled admin/marcas.js  (1ms)  (pid 13700)
Compiled admin/resource.js  (0ms)  (pid 13700)
Compiled admin/users.js  (2ms)  (pid 13700)
Compiled admin/usuarios.js  (0ms)  (pid 13700)
Compiled inicio.js  (0ms)  (pid 13700)
Compiled profiles.js  (0ms)  (pid 13700)
Compiled application.js  (64ms)  (pid 13700)
Compiled admin/application.css  (7ms)  (pid 13700)
Compiled application.css  (0ms)  (pid 13700)
Connecting to database specified by database.yml
Migrating to CreateMarcas (20130108182918)
Migrating to DeviseCreateUsers (20130111172839)
Migrating to AddRoleToUsers (20130114150713)
Compiled admin/application.js  (55ms)  (pid 13812)
Compiled jquery.js  (2ms)  (pid 13812)
Compiled jquery_ujs.js  (0ms)  (pid 13812)
Compiled admin/marcas.js  (1ms)  (pid 13812)
Compiled admin/resource.js  (1ms)  (pid 13812)
Compiled admin/users.js  (3ms)  (pid 13812)
Compiled admin/usuarios.js  (0ms)  (pid 13812)
Compiled inicio.js  (0ms)  (pid 13812)
Compiled profiles.js  (0ms)  (pid 13812)
Compiled application.js  (83ms)  (pid 13812)
Connecting to database specified by database.yml
Migrating to CreateMarcas (20130108182918)
Migrating to DeviseCreateUsers (20130111172839)
Migrating to AddRoleToUsers (20130114150713)
Compiled admin/application.js  (51ms)  (pid 13826)
Compiled jquery.js  (1ms)  (pid 13826)
Compiled jquery_ujs.js  (0ms)  (pid 13826)
Compiled admin/marcas.js  (1ms)  (pid 13826)
Compiled admin/resource.js  (0ms)  (pid 13826)
Compiled admin/users.js  (3ms)  (pid 13826)
Compiled admin/usuarios.js  (1ms)  (pid 13826)
Compiled inicio.js  (1ms)  (pid 13826)
Compiled profiles.js  (1ms)  (pid 13826)
Compiled application.js  (118ms)  (pid 13826)
Compiled admin/application.css  (39ms)  (pid 13826)
Compiled application.css  (0ms)  (pid 13826)
Compiled admin/application.js  (53ms)  (pid 13826)
Compiled jquery.js  (1ms)  (pid 13826)
Compiled jquery_ujs.js  (0ms)  (pid 13826)
Compiled admin/marcas.js  (1ms)  (pid 13826)
Compiled admin/resource.js  (0ms)  (pid 13826)
Compiled admin/users.js  (3ms)  (pid 13826)
Compiled admin/usuarios.js  (0ms)  (pid 13826)
Compiled inicio.js  (0ms)  (pid 13826)
Compiled profiles.js  (0ms)  (pid 13826)
Compiled application.js  (195ms)  (pid 13826)
Compiled admin/application.css  (12ms)  (pid 13826)
Compiled application.css  (0ms)  (pid 13826)
Connecting to database specified by database.yml
Migrating to CreateMarcas (20130108182918)
Migrating to DeviseCreateUsers (20130111172839)
Migrating to AddRoleToUsers (20130114150713)
Compiled admin/application.js  (51ms)  (pid 13892)
Compiled jquery.js  (1ms)  (pid 13892)
Compiled jquery_ujs.js  (0ms)  (pid 13892)
Compiled admin/marcas.js  (1ms)  (pid 13892)
Compiled admin/resource.js  (0ms)  (pid 13892)
Compiled admin/users.js  (4ms)  (pid 13892)
Compiled admin/usuarios.js  (0ms)  (pid 13892)
Compiled inicio.js  (1ms)  (pid 13892)
Compiled profiles.js  (0ms)  (pid 13892)
Compiled application.js  (85ms)  (pid 13892)
Compiled admin/application.css  (7ms)  (pid 13892)
Compiled application.css  (0ms)  (pid 13892)
Compiled admin/application.js  (50ms)  (pid 13892)
Compiled jquery.js  (2ms)  (pid 13892)
Compiled jquery_ujs.js  (0ms)  (pid 13892)
Compiled admin/marcas.js  (1ms)  (pid 13892)
Compiled admin/resource.js  (0ms)  (pid 13892)
Compiled admin/users.js  (2ms)  (pid 13892)
Compiled admin/usuarios.js  (0ms)  (pid 13892)
Compiled inicio.js  (0ms)  (pid 13892)
Compiled profiles.js  (0ms)  (pid 13892)
Compiled application.js  (63ms)  (pid 13892)
Compiled admin/application.css  (7ms)  (pid 13892)
Compiled application.css  (0ms)  (pid 13892)
Connecting to database specified by database.yml
Migrating to CreateMarcas (20130108182918)
Migrating to DeviseCreateUsers (20130111172839)
Migrating to AddRoleToUsers (20130114150713)
Compiled admin/application.js  (53ms)  (pid 13925)
Compiled jquery.js  (1ms)  (pid 13925)
Compiled jquery_ujs.js  (0ms)  (pid 13925)
Compiled admin/marcas.js  (1ms)  (pid 13925)
Compiled admin/resource.js  (0ms)  (pid 13925)
Compiled admin/users.js  (3ms)  (pid 13925)
Compiled admin/usuarios.js  (0ms)  (pid 13925)
Compiled inicio.js  (0ms)  (pid 13925)
Compiled profiles.js  (1ms)  (pid 13925)
Compiled application.js  (84ms)  (pid 13925)
Compiled admin/application.css  (7ms)  (pid 13925)
Compiled application.css  (0ms)  (pid 13925)
Compiled admin/application.js  (52ms)  (pid 13925)
Compiled jquery.js  (2ms)  (pid 13925)
Compiled jquery_ujs.js  (0ms)  (pid 13925)
Compiled admin/marcas.js  (1ms)  (pid 13925)
Compiled admin/resource.js  (0ms)  (pid 13925)
Compiled admin/users.js  (2ms)  (pid 13925)
Compiled admin/usuarios.js  (0ms)  (pid 13925)
Compiled inicio.js  (0ms)  (pid 13925)
Compiled profiles.js  (0ms)  (pid 13925)
Compiled application.js  (64ms)  (pid 13925)
Compiled admin/application.css  (7ms)  (pid 13925)
Compiled application.css  (0ms)  (pid 13925)
Connecting to database specified by database.yml
Migrating to CreateMarcas (20130108182918)
Migrating to DeviseCreateUsers (20130111172839)
Migrating to AddRoleToUsers (20130114150713)
Compiled admin/application.js  (51ms)  (pid 13975)
Compiled jquery.js  (2ms)  (pid 13975)
Compiled jquery_ujs.js  (0ms)  (pid 13975)
Compiled admin/marcas.js  (1ms)  (pid 13975)
Compiled admin/resource.js  (0ms)  (pid 13975)
Compiled admin/users.js  (3ms)  (pid 13975)
Compiled admin/usuarios.js  (0ms)  (pid 13975)
Compiled inicio.js  (0ms)  (pid 13975)
Compiled profiles.js  (0ms)  (pid 13975)
Compiled application.js  (79ms)  (pid 13975)
Compiled admin/application.css  (8ms)  (pid 13975)
Compiled application.css  (0ms)  (pid 13975)
Compiled admin/application.js  (51ms)  (pid 13975)
Compiled jquery.js  (2ms)  (pid 13975)
Compiled jquery_ujs.js  (0ms)  (pid 13975)
Compiled admin/marcas.js  (1ms)  (pid 13975)
Compiled admin/resource.js  (0ms)  (pid 13975)
Compiled admin/users.js  (2ms)  (pid 13975)
Compiled admin/usuarios.js  (0ms)  (pid 13975)
Compiled inicio.js  (0ms)  (pid 13975)
Compiled profiles.js  (0ms)  (pid 13975)
Compiled application.js  (65ms)  (pid 13975)
Compiled admin/application.css  (8ms)  (pid 13975)
Compiled application.css  (0ms)  (pid 13975)
